<?xml version="1.0" encoding="UTF-8"?>
<!-- Generated by org.testng.reporters.JUnitReportReporter -->
<testsuite hostname="GovindHOB" failures="0" tests="1" name="vc_order_update.VC_Order_Update" time="103.406" errors="0" timestamp="2023-10-06T13:59:26 IST" skipped="0">
  <testcase classname="vc_order_update.VC_Order_Update" name="update" time="103.406"/>
  <system-out/>
</testsuite> <!-- vc_order_update.VC_Order_Update -->
