<?xml version="1.0" encoding="UTF-8"?>
<!-- Generated by org.testng.reporters.JUnitReportReporter -->
<testsuite hostname="GovindHOB" failures="0" tests="1" name="vc_order_update.VC_Order_Update" time="1979.092" errors="0" timestamp="2023-10-20T10:00:12 IST" skipped="0">
  <testcase classname="vc_order_update.VC_Order_Update" name="update" time="1979.092"/>
  <system-out/>
</testsuite> <!-- vc_order_update.VC_Order_Update -->
